21:25:31 **** Incremental Build of configuration Debug for project Zynq_Design_Test ****
make all 
make --no-print-directory pre-build
a9-linaro-pre-build-step
' '
make --no-print-directory main-build
'Building target: Zynq_Design_Test.elf'
'Invoking: ARM v7 gcc linker'
arm-none-eabi-gcc -mcpu=cortex-a9 -mfpu=vfpv3 -mfloat-abi=hard -Wl,-build-id=none -specs=Xilinx.spec -Wl,-T -Wl,../src/lscript.ld -LC:/Users/wdb87/Documents/LabA/Using_IP_with_Zynq/lab1/Zynq_Design_wrapper/export/Zynq_Design_wrapper/sw/Zynq_Design_wrapper/standalone_ps7_cortexa9_0/bsplib/lib -o "Zynq_Design_Test.elf"  ./src/helloworld.o ./src/platform.o   -Wl,--start-group,-lxil,-lgcc,-lc,--end-group
c:/xilinx/vitis/2021.2/gnu/aarch32/nt/gcc-arm-none-eabi/x86_64-oesdk-mingw32/usr/bin/arm-xilinx-eabi/../../libexec/arm-xilinx-eabi/gcc/arm-xilinx-eabi/10.2.0/real-ld.exe: cannot open output file Zynq_Design_Test.elf: Invalid argument
collect2.exe: error: ld returned 1 exit status
make[1]: *** [makefile:43: Zynq_Design_Test.elf] Error 1
make: *** [makefile:34: all] Error 2

21:25:31 Build Finished (took 270ms)

